sample/build/outputs/logs/manifest-merger-debug-report.txt
-- Merging decision tree log ---
manifest
ADDED from src/main/AndroidManifest.xml:18:1-54:12
INJECTED from src/main/AndroidManifest.xml:18:1-54:12
INJECTED from src/main/AndroidManifest.xml:18:1-54:12
MERGED from [:library] AndroidManifest.xml:17:1-26:12
MERGED from [com.android.support:appcompat-v7:23.1.1] AndroidManifest.xml:17:1-24:12
MERGED from [com.android.support:support-v4:23.1.1] AndroidManifest.xml:17:1-24:12
INJECTED from src/main/AndroidManifest.xml:18:1-54:12
INJECTED from src/main/AndroidManifest.xml:18:1-54:12
	package
		ADDED from src/main/AndroidManifest.xml:19:5-45
	android:versionName
		INJECTED from src/main/AndroidManifest.xml
		INJECTED from src/main/AndroidManifest.xml
	android:versionCode
		INJECTED from src/main/AndroidManifest.xml
		INJECTED from src/main/AndroidManifest.xml
	xmlns:android
		ADDED from src/main/AndroidManifest.xml:18:11-69
application
ADDED from src/main/AndroidManifest.xml:21:5-53:19
MERGED from [com.android.support:appcompat-v7:23.1.1] AndroidManifest.xml:22:5-20
MERGED from [com.android.support:appcompat-v7:23.1.1] AndroidManifest.xml:22:5-20
MERGED from [com.android.support:support-v4:23.1.1] AndroidManifest.xml:22:5-20
MERGED from [com.android.support:support-v4:23.1.1] AndroidManifest.xml:22:5-20
	android:label
		ADDED from src/main/AndroidManifest.xml:22:9-41
	android:icon
		ADDED from src/main/AndroidManifest.xml:24:9-45
	android:allowBackup
		ADDED from src/main/AndroidManifest.xml:25:9-35
	android:theme
		ADDED from src/main/AndroidManifest.xml:23:9-40
activity#com.github.amlcurran.showcaseview.sample.MainActivity
ADDED from src/main/AndroidManifest.xml:27:9-35:20
	android:label
		ADDED from src/main/AndroidManifest.xml:29:13-45
	android:logo
		ADDED from src/main/AndroidManifest.xml:30:13-45
	android:name
		ADDED from src/main/AndroidManifest.xml:28:13-81
intent-filter#android.intent.action.MAIN+android.intent.category.LAUNCHER
ADDED from src/main/AndroidManifest.xml:31:13-34:29
action#android.intent.action.MAIN
ADDED from src/main/AndroidManifest.xml:32:17-69
	android:name
		ADDED from src/main/AndroidManifest.xml:32:25-66
category#android.intent.category.LAUNCHER
ADDED from src/main/AndroidManifest.xml:33:17-77
	android:name
		ADDED from src/main/AndroidManifest.xml:33:27-74
activity#com.github.amlcurran.showcaseview.sample.animations.AnimationSampleActivity
ADDED from src/main/AndroidManifest.xml:37:9-112
	android:name
		ADDED from src/main/AndroidManifest.xml:37:19-109
activity#com.github.amlcurran.showcaseview.sample.MemoryManagementTesting
ADDED from src/main/AndroidManifest.xml:39:9-101
	android:name
		ADDED from src/main/AndroidManifest.xml:39:19-98
activity#com.github.amlcurran.showcaseview.sample.SingleShotActivity
ADDED from src/main/AndroidManifest.xml:41:9-96
	android:name
		ADDED from src/main/AndroidManifest.xml:41:19-93
activity#com.github.amlcurran.showcaseview.sample.CustomTextActivity
ADDED from src/main/AndroidManifest.xml:43:9-96
	android:name
		ADDED from src/main/AndroidManifest.xml:43:19-93
activity#com.github.amlcurran.showcaseview.sample.CustomShowcaseActivity
ADDED from src/main/AndroidManifest.xml:45:9-100
	android:name
		ADDED from src/main/AndroidManifest.xml:45:19-97
activity#com.github.amlcurran.showcaseview.sample.ActionItemsSampleActivity
ADDED from src/main/AndroidManifest.xml:47:9-103
	android:name
		ADDED from src/main/AndroidManifest.xml:47:19-100
activity#com.github.amlcurran.showcaseview.sample.EventsActivity
ADDED from src/main/AndroidManifest.xml:49:9-92
	android:name
		ADDED from src/main/AndroidManifest.xml:49:19-89
activity#com.github.amlcurran.showcaseview.sample.FragmentDemoActivity
ADDED from src/main/AndroidManifest.xml:51:9-98
	android:name
		ADDED from src/main/AndroidManifest.xml:51:19-95
uses-sdk
INJECTED from src/main/AndroidManifest.xml reason: use-sdk injection requested
INJECTED from src/main/AndroidManifest.xml
INJECTED from src/main/AndroidManifest.xml
MERGED from [:library] AndroidManifest.xml:22:5-24:41
MERGED from [:library] AndroidManifest.xml:22:5-24:41
MERGED from [com.android.support:appcompat-v7:23.1.1] AndroidManifest.xml:20:5-43
MERGED from [com.android.support:appcompat-v7:23.1.1] AndroidManifest.xml:20:5-43
MERGED from [com.android.support:support-v4:23.1.1] AndroidManifest.xml:20:5-43
MERGED from [com.android.support:support-v4:23.1.1] AndroidManifest.xml:20:5-43
INJECTED from src/main/AndroidManifest.xml
INJECTED from src/main/AndroidManifest.xml
	android:targetSdkVersion
		INJECTED from src/main/AndroidManifest.xml
		INJECTED from src/main/AndroidManifest.xml
	android:minSdkVersion
		INJECTED from src/main/AndroidManifest.xml
		INJECTED from src/main/AndroidManifest.xml